#
# A fatal error has been detected by the Java Runtime Environment:
#
#  Internal Error (javaClasses.cpp:136), pid=12158, tid=139876880934656
#  fatal error: Invalid layout of preloaded class
#
# JRE version:  (7.0_51-b13) (build )
# Java VM: Java HotSpot(TM) 64-Bit Server VM (24.51-b03 mixed mode linux-amd64 compressed oops)
# Failed to write core dump. Core dumps have been disabled. To enable core dumping, try "ulimit -c unlimited" before starting Java again
#
# If you would like to submit a bug report, please visit:
#   http://bugreport.sun.com/bugreport/crash.jsp
#

---------------  T H R E A D  ---------------

Current thread (0x00007f379800a000):  JavaThread "Unknown thread" [_thread_in_vm, id=12163, stack(0x00007f379fbce000,0x00007f379fccf000)]

Stack: [0x00007f379fbce000,0x00007f379fccf000],  sp=0x00007f379fccd7f0,  free space=1021k
Native frames: (J=compiled Java code, j=interpreted, Vv=VM code, C=native code)
V  [libjvm.so+0x992f4a]  VMError::report_and_die()+0x2ea
V  [libjvm.so+0x493569]  report_fatal(char const*, int, char const*)+0x59
V  [libjvm.so+0x5fdce0]  compute_offset(int&, klassOopDesc*, Symbol*, Symbol*, bool)+0x140
V  [libjvm.so+0x5fe7f9]  java_lang_String::compute_offsets()+0x39
V  [libjvm.so+0x9191c5]  SystemDictionary::initialize_preloaded_classes(Thread*)+0x1a5
V  [libjvm.so+0x967f04]  Universe::genesis(Thread*)+0x494
V  [libjvm.so+0x9683b9]  universe2_init()+0x29
V  [libjvm.so+0x5a967d]  init_globals()+0xbd
V  [libjvm.so+0x94ef8d]  Threads::create_vm(JavaVMInitArgs*, bool*)+0x1ed
V  [libjvm.so+0x6307e4]  JNI_CreateJavaVM+0x74
C  [libjli.so+0x2f8e]  JavaMain+0x9e


---------------  P R O C E S S  ---------------

Java Threads: ( => current thread )

Other Threads:

=>0x00007f379800a000 (exited) JavaThread "Unknown thread" [_thread_in_vm, id=12163, stack(0x00007f379fbce000,0x00007f379fccf000)]

VM state:not at safepoint (not fully initialized)

VM Mutex/Monitor currently owned by a thread: None

GC Heap History (0 events):
No events

Deoptimization events (0 events):
No events

Internal exceptions (0 events):
No events

Events (10 events):
Event: 0.010 loading class 0x00007f379c35c6f0 done
Event: 0.010 loading class 0x00007f379c35c110 done
Event: 0.010 loading class 0x00007f379c35c0f0
Event: 0.010 loading class 0x00007f379c3641f0
Event: 0.010 loading class 0x00007f379c3641f0 done
Event: 0.010 loading class 0x00007f379c364220
Event: 0.011 loading class 0x00007f379c364220 done
Event: 0.011 loading class 0x00007f379c364250
Event: 0.011 loading class 0x00007f379c364250 done
Event: 0.011 loading class 0x00007f379c35c0f0 done


Dynamic libraries:
00400000-00401000 r-xp 00000000 08:06 1066446                            /usr/local/java/jdk1.7.0_51/bin/java
00600000-00601000 rw-p 00000000 08:06 1066446                            /usr/local/java/jdk1.7.0_51/bin/java
014ca000-014eb000 rw-p 00000000 00:00 0                                  [heap]
77f800000-780d00000 rw-p 00000000 00:00 0 
780d00000-784a00000 rw-p 00000000 00:00 0 
784a00000-789c00000 rw-p 00000000 00:00 0 
789c00000-7d6e00000 rw-p 00000000 00:00 0 
7d6e00000-7d9780000 rw-p 00000000 00:00 0 
7d9780000-800000000 rw-p 00000000 00:00 0 
7f3773fc0000-7f3778000000 rw-p 00000000 00:00 0 
7f3778000000-7f3778021000 rw-p 00000000 00:00 0 
7f3778021000-7f377c000000 ---p 00000000 00:00 0 
7f3780000000-7f3780021000 rw-p 00000000 00:00 0 
7f3780021000-7f3784000000 ---p 00000000 00:00 0 
7f3788000000-7f3788021000 rw-p 00000000 00:00 0 
7f3788021000-7f378c000000 ---p 00000000 00:00 0 
7f3790000000-7f3790021000 rw-p 00000000 00:00 0 
7f3790021000-7f3794000000 ---p 00000000 00:00 0 
7f3794a91000-7f3795000000 rw-p 00000000 00:00 0 
7f3795000000-7f3795270000 rwxp 00000000 00:00 0 
7f3795270000-7f3798055000 rw-p 00000000 00:00 0 
7f3798055000-7f379c000000 ---p 00000000 00:00 0 
7f379c10e000-7f379c20f000 rw-p 00000000 00:00 0 
7f379c20f000-7f379c2e6000 r--s 013fe000 08:07 27936456                   /home/amilai/Android/adt-bundle-linux-x86_64-20140321 (2)/sdk/platforms/android-19/android.jar
7f379c2e6000-7f379c408000 rw-p 00000000 00:00 0 
7f379c408000-7f379c409000 ---p 00000000 00:00 0 
7f379c409000-7f379c509000 rw-p 00000000 00:00 0                          [stack:12167]
7f379c509000-7f379c50a000 ---p 00000000 00:00 0 
7f379c50a000-7f379c60a000 rw-p 00000000 00:00 0                          [stack:12166]
7f379c60a000-7f379c60b000 ---p 00000000 00:00 0 
7f379c60b000-7f379c70b000 rw-p 00000000 00:00 0                          [stack:12165]
7f379c70b000-7f379c70c000 ---p 00000000 00:00 0 
7f379c70c000-7f379c817000 rw-p 00000000 00:00 0                          [stack:12164]
7f379c817000-7f379c835000 rw-p 00000000 00:00 0 
7f379c835000-7f379c85e000 rw-p 00000000 00:00 0 
7f379c85e000-7f379cac7000 rw-p 00000000 00:00 0 
7f379cac7000-7f379cad2000 rw-p 00000000 00:00 0 
7f379cad2000-7f379caf0000 rw-p 00000000 00:00 0 
7f379caf0000-7f379cb19000 rw-p 00000000 00:00 0 
7f379cb19000-7f379cd82000 rw-p 00000000 00:00 0 
7f379cd82000-7f379cd97000 rw-p 00000000 00:00 0 
7f379cd97000-7f379cecb000 rw-p 00000000 00:00 0 
7f379cecb000-7f379cecc000 rw-p 00000000 00:00 0 
7f379cecc000-7f379cee6000 r-xp 00000000 08:06 402071                     /usr/local/java/jdk1.7.0_51/jre/lib/amd64/libzip.so
7f379cee6000-7f379d0e6000 ---p 0001a000 08:06 402071                     /usr/local/java/jdk1.7.0_51/jre/lib/amd64/libzip.so
7f379d0e6000-7f379d0e7000 rw-p 0001a000 08:06 402071                     /usr/local/java/jdk1.7.0_51/jre/lib/amd64/libzip.so
7f379d0e7000-7f379d0f2000 r-xp 00000000 08:06 673042                     /lib/x86_64-linux-gnu/libnss_files-2.19.so
7f379d0f2000-7f379d2f1000 ---p 0000b000 08:06 673042                     /lib/x86_64-linux-gnu/libnss_files-2.19.so
7f379d2f1000-7f379d2f2000 r--p 0000a000 08:06 673042                     /lib/x86_64-linux-gnu/libnss_files-2.19.so
7f379d2f2000-7f379d2f3000 rw-p 0000b000 08:06 673042                     /lib/x86_64-linux-gnu/libnss_files-2.19.so
7f379d2f3000-7f379d2fe000 r-xp 00000000 08:06 673049                     /lib/x86_64-linux-gnu/libnss_nis-2.19.so
7f379d2fe000-7f379d4fd000 ---p 0000b000 08:06 673049                     /lib/x86_64-linux-gnu/libnss_nis-2.19.so
7f379d4fd000-7f379d4fe000 r--p 0000a000 08:06 673049                     /lib/x86_64-linux-gnu/libnss_nis-2.19.so
7f379d4fe000-7f379d4ff000 rw-p 0000b000 08:06 673049                     /lib/x86_64-linux-gnu/libnss_nis-2.19.so
7f379d4ff000-7f379d516000 r-xp 00000000 08:06 673035                     /lib/x86_64-linux-gnu/libnsl-2.19.so
7f379d516000-7f379d715000 ---p 00017000 08:06 673035                     /lib/x86_64-linux-gnu/libnsl-2.19.so
7f379d715000-7f379d716000 r--p 00016000 08:06 673035                     /lib/x86_64-linux-gnu/libnsl-2.19.so
7f379d716000-7f379d717000 rw-p 00017000 08:06 673035                     /lib/x86_64-linux-gnu/libnsl-2.19.so
7f379d717000-7f379d719000 rw-p 00000000 00:00 0 
7f379d719000-7f379d722000 r-xp 00000000 08:06 673046                     /lib/x86_64-linux-gnu/libnss_compat-2.19.so
7f379d722000-7f379d921000 ---p 00009000 08:06 673046                     /lib/x86_64-linux-gnu/libnss_compat-2.19.so
7f379d921000-7f379d922000 r--p 00008000 08:06 673046                     /lib/x86_64-linux-gnu/libnss_compat-2.19.so
7f379d922000-7f379d923000 rw-p 00009000 08:06 673046                     /lib/x86_64-linux-gnu/libnss_compat-2.19.so
7f379d923000-7f379d94c000 r-xp 00000000 08:06 402055                     /usr/local/java/jdk1.7.0_51/jre/lib/amd64/libjava.so
7f379d94c000-7f379db4c000 ---p 00029000 08:06 402055                     /usr/local/java/jdk1.7.0_51/jre/lib/amd64/libjava.so
7f379db4c000-7f379db4e000 rw-p 00029000 08:06 402055                     /usr/local/java/jdk1.7.0_51/jre/lib/amd64/libjava.so
7f379db4e000-7f379db5b000 r-xp 00000000 08:06 402053                     /usr/local/java/jdk1.7.0_51/jre/lib/amd64/libverify.so
7f379db5b000-7f379dd5a000 ---p 0000d000 08:06 402053                     /usr/local/java/jdk1.7.0_51/jre/lib/amd64/libverify.so
7f379dd5a000-7f379dd5c000 rw-p 0000c000 08:06 402053                     /usr/local/java/jdk1.7.0_51/jre/lib/amd64/libverify.so
7f379dd5c000-7f379dd63000 r-xp 00000000 08:06 673052                     /lib/x86_64-linux-gnu/librt-2.19.so
7f379dd63000-7f379df62000 ---p 00007000 08:06 673052                     /lib/x86_64-linux-gnu/librt-2.19.so
7f379df62000-7f379df63000 r--p 00006000 08:06 673052                     /lib/x86_64-linux-gnu/librt-2.19.so
7f379df63000-7f379df64000 rw-p 00007000 08:06 673052                     /lib/x86_64-linux-gnu/librt-2.19.so
7f379df64000-7f379e069000 r-xp 00000000 08:06 673034                     /lib/x86_64-linux-gnu/libm-2.19.so
7f379e069000-7f379e268000 ---p 00105000 08:06 673034                     /lib/x86_64-linux-gnu/libm-2.19.so
7f379e268000-7f379e269000 r--p 00104000 08:06 673034                     /lib/x86_64-linux-gnu/libm-2.19.so
7f379e269000-7f379e26a000 rw-p 00105000 08:06 673034                     /lib/x86_64-linux-gnu/libm-2.19.so
7f379e26a000-7f379edcc000 r-xp 00000000 08:06 402061                     /usr/local/java/jdk1.7.0_51/jre/lib/amd64/server/libjvm.so
7f379edcc000-7f379efcc000 ---p 00b62000 08:06 402061                     /usr/local/java/jdk1.7.0_51/jre/lib/amd64/server/libjvm.so
7f379efcc000-7f379f08f000 rw-p 00b62000 08:06 402061                     /usr/local/java/jdk1.7.0_51/jre/lib/amd64/server/libjvm.so
7f379f08f000-7f379f0d0000 rw-p 00000000 00:00 0 
7f379f0d0000-7f379f28b000 r-xp 00000000 08:06 673050                     /lib/x86_64-linux-gnu/libc-2.19.so
7f379f28b000-7f379f48b000 ---p 001bb000 08:06 673050                     /lib/x86_64-linux-gnu/libc-2.19.so
7f379f48b000-7f379f48f000 r--p 001bb000 08:06 673050                     /lib/x86_64-linux-gnu/libc-2.19.so
7f379f48f000-7f379f491000 rw-p 001bf000 08:06 673050                     /lib/x86_64-linux-gnu/libc-2.19.so
7f379f491000-7f379f496000 rw-p 00000000 00:00 0 
7f379f496000-7f379f499000 r-xp 00000000 08:06 673044                     /lib/x86_64-linux-gnu/libdl-2.19.so
7f379f499000-7f379f698000 ---p 00003000 08:06 673044                     /lib/x86_64-linux-gnu/libdl-2.19.so
7f379f698000-7f379f699000 r--p 00002000 08:06 673044                     /lib/x86_64-linux-gnu/libdl-2.19.so
7f379f699000-7f379f69a000 rw-p 00003000 08:06 673044                     /lib/x86_64-linux-gnu/libdl-2.19.so
7f379f69a000-7f379f6b0000 r-xp 00000000 08:06 1066511                    /usr/local/java/jdk1.7.0_51/lib/amd64/jli/libjli.so
7f379f6b0000-7f379f8b0000 ---p 00016000 08:06 1066511                    /usr/local/java/jdk1.7.0_51/lib/amd64/jli/libjli.so
7f379f8b0000-7f379f8b1000 rw-p 00016000 08:06 1066511                    /usr/local/java/jdk1.7.0_51/lib/amd64/jli/libjli.so
7f379f8b1000-7f379f8ca000 r-xp 00000000 08:06 673039                     /lib/x86_64-linux-gnu/libpthread-2.19.so
7f379f8ca000-7f379fac9000 ---p 00019000 08:06 673039                     /lib/x86_64-linux-gnu/libpthread-2.19.so
7f379fac9000-7f379faca000 r--p 00018000 08:06 673039                     /lib/x86_64-linux-gnu/libpthread-2.19.so
7f379faca000-7f379facb000 rw-p 00019000 08:06 673039                     /lib/x86_64-linux-gnu/libpthread-2.19.so
7f379facb000-7f379facf000 rw-p 00000000 00:00 0 
7f379facf000-7f379faf2000 r-xp 00000000 08:06 673047                     /lib/x86_64-linux-gnu/ld-2.19.so
7f379fb0e000-7f379fb18000 rw-p 00000000 00:00 0 
7f379fb18000-7f379fbce000 rw-p 00000000 00:00 0 
7f379fbce000-7f379fbd1000 ---p 00000000 00:00 0 
7f379fbd1000-7f379fcd3000 rw-p 00000000 00:00 0                          [stack:12163]
7f379fce3000-7f379fce5000 rw-p 00000000 00:00 0 
7f379fce5000-7f379fced000 rw-s 00000000 08:06 264989                     /tmp/hsperfdata_amilai/12158
7f379fced000-7f379fcee000 rw-p 00000000 00:00 0 
7f379fcee000-7f379fcef000 r--p 00000000 00:00 0 
7f379fcef000-7f379fcf1000 rw-p 00000000 00:00 0 
7f379fcf1000-7f379fcf2000 r--p 00022000 08:06 673047                     /lib/x86_64-linux-gnu/ld-2.19.so
7f379fcf2000-7f379fcf3000 rw-p 00023000 08:06 673047                     /lib/x86_64-linux-gnu/ld-2.19.so
7f379fcf3000-7f379fcf4000 rw-p 00000000 00:00 0 
7fffd55a6000-7fffd55c7000 rw-p 00000000 00:00 0                          [stack]
7fffd55fe000-7fffd5600000 r-xp 00000000 00:00 0                          [vdso]
ffffffffff600000-ffffffffff601000 r-xp 00000000 00:00 0                  [vsyscall]

VM Arguments:
jvm_args: -Dfile.encoding=UTF-8 -Xbootclasspath:/home/amilai/Android/adt-bundle-linux-x86_64-20140321 (2)/sdk/platforms/android-19/android.jar 
java_command: com.appointmentscheduler.appmain.Test
Launcher Type: SUN_STANDARD

Environment Variables:
JAVA_HOME=/usr/local/java/jdk1.7.0_51
JRE_HOME=/usr/local/java/jdk1.7.0_51/jre
PATH=/usr/local/sbin:/usr/local/bin:/usr/sbin:/usr/bin:/sbin:/bin:/usr/games:/usr/local/games:/home/amilai/bin:/usr/local/java/jdk1.7.0_51/bin:/home/amilai/bin:/usr/local/java/jdk1.7.0_51/jre/bin:/home/amilai/Oracle_Linux_DB/Disk1/u01/app/oracle/product/11.2.0/xe/bin
SHELL=/bin/bash
DISPLAY=:0.0

Signal Handlers:
SIGSEGV: [libjvm.so+0x993870], sa_mask[0]=0x7ffbfeff, sa_flags=0x10000004
SIGBUS: [libjvm.so+0x993870], sa_mask[0]=0x7ffbfeff, sa_flags=0x10000004
SIGFPE: [libjvm.so+0x8105b0], sa_mask[0]=0x7ffbfeff, sa_flags=0x10000004
SIGPIPE: [libjvm.so+0x8105b0], sa_mask[0]=0x7ffbfeff, sa_flags=0x10000004
SIGXFSZ: [libjvm.so+0x8105b0], sa_mask[0]=0x7ffbfeff, sa_flags=0x10000004
SIGILL: [libjvm.so+0x8105b0], sa_mask[0]=0x7ffbfeff, sa_flags=0x10000004
SIGUSR1: SIG_DFL, sa_mask[0]=0x00000000, sa_flags=0x00000000
SIGUSR2: [libjvm.so+0x811aa0], sa_mask[0]=0x00000004, sa_flags=0x10000004
SIGHUP: SIG_DFL, sa_mask[0]=0x00000000, sa_flags=0x00000000
SIGINT: SIG_DFL, sa_mask[0]=0x00000000, sa_flags=0x00000000
SIGTERM: SIG_DFL, sa_mask[0]=0x00000000, sa_flags=0x00000000
SIGQUIT: SIG_DFL, sa_mask[0]=0x00000000, sa_flags=0x00000000


---------------  S Y S T E M  ---------------

OS:jessie/sid

uname:Linux 3.13.0-39-generic #66-Ubuntu SMP Tue Oct 28 13:30:27 UTC 2014 x86_64
libc:glibc 2.19 NPTL 2.19 
rlimit: STACK 8192k, CORE 0k, NPROC 62959, NOFILE 4096, AS infinity
load average:0.68 0.65 0.61

/proc/meminfo:
MemTotal:        8080432 kB
MemFree:         4015660 kB
Buffers:          135016 kB
Cached:          1739592 kB
SwapCached:            0 kB
Active:          2482400 kB
Inactive:        1353516 kB
Active(anon):    1964240 kB
Inactive(anon):   222080 kB
Active(file):     518160 kB
Inactive(file):  1131436 kB
Unevictable:           0 kB
Mlocked:               0 kB
SwapTotal:        498684 kB
SwapFree:         498684 kB
Dirty:              5888 kB
Writeback:             0 kB
AnonPages:       1961380 kB
Mapped:           229684 kB
Shmem:            224800 kB
Slab:             115528 kB
SReclaimable:      83240 kB
SUnreclaim:        32288 kB
KernelStack:        4000 kB
PageTables:        30916 kB
NFS_Unstable:          0 kB
Bounce:                0 kB
WritebackTmp:          0 kB
CommitLimit:     4538900 kB
Committed_AS:    5280372 kB
VmallocTotal:   34359738367 kB
VmallocUsed:      355352 kB
VmallocChunk:   34359373788 kB
HardwareCorrupted:     0 kB
AnonHugePages:    727040 kB
HugePages_Total:       0
HugePages_Free:        0
HugePages_Rsvd:        0
HugePages_Surp:        0
Hugepagesize:       2048 kB
DirectMap4k:       92080 kB
DirectMap2M:     1908736 kB
DirectMap1G:     6291456 kB


CPU:total 4 (2 cores per cpu, 2 threads per core) family 6 model 60 stepping 3, cmov, cx8, fxsr, mmx, sse, sse2, sse3, ssse3, sse4.1, sse4.2, popcnt, avx, avx2, aes, erms, ht, tsc, tscinvbit

/proc/cpuinfo:
processor	: 0
vendor_id	: GenuineIntel
cpu family	: 6
model		: 60
model name	: Intel(R) Core(TM) i7-4600M CPU @ 2.90GHz
stepping	: 3
microcode	: 0x17
cpu MHz		: 2901.000
cache size	: 4096 KB
physical id	: 0
siblings	: 4
core id		: 0
cpu cores	: 2
apicid		: 0
initial apicid	: 0
fpu		: yes
fpu_exception	: yes
cpuid level	: 13
wp		: yes
flags		: fpu vme de pse tsc msr pae mce cx8 apic sep mtrr pge mca cmov pat pse36 clflush dts acpi mmx fxsr sse sse2 ss ht tm pbe syscall nx pdpe1gb rdtscp lm constant_tsc arch_perfmon pebs bts rep_good nopl xtopology nonstop_tsc aperfmperf eagerfpu pni pclmulqdq dtes64 monitor ds_cpl vmx smx est tm2 ssse3 fma cx16 xtpr pdcm pcid sse4_1 sse4_2 x2apic movbe popcnt tsc_deadline_timer aes xsave avx f16c rdrand lahf_lm abm ida arat epb xsaveopt pln pts dtherm tpr_shadow vnmi flexpriority ept vpid fsgsbase tsc_adjust bmi1 hle avx2 smep bmi2 erms invpcid rtm
bogomips	: 5786.74
clflush size	: 64
cache_alignment	: 64
address sizes	: 39 bits physical, 48 bits virtual
power management:

processor	: 1
vendor_id	: GenuineIntel
cpu family	: 6
model		: 60
model name	: Intel(R) Core(TM) i7-4600M CPU @ 2.90GHz
stepping	: 3
microcode	: 0x17
cpu MHz		: 800.000
cache size	: 4096 KB
physical id	: 0
siblings	: 4
core id		: 1
cpu cores	: 2
apicid		: 2
initial apicid	: 2
fpu		: yes
fpu_exception	: yes
cpuid level	: 13
wp		: yes
flags		: fpu vme de pse tsc msr pae mce cx8 apic sep mtrr pge mca cmov pat pse36 clflush dts acpi mmx fxsr sse sse2 ss ht tm pbe syscall nx pdpe1gb rdtscp lm constant_tsc arch_perfmon pebs bts rep_good nopl xtopology nonstop_tsc aperfmperf eagerfpu pni pclmulqdq dtes64 monitor ds_cpl vmx smx est tm2 ssse3 fma cx16 xtpr pdcm pcid sse4_1 sse4_2 x2apic movbe popcnt tsc_deadline_timer aes xsave avx f16c rdrand lahf_lm abm ida arat epb xsaveopt pln pts dtherm tpr_shadow vnmi flexpriority ept vpid fsgsbase tsc_adjust bmi1 hle avx2 smep bmi2 erms invpcid rtm
bogomips	: 5786.74
clflush size	: 64
cache_alignment	: 64
address sizes	: 39 bits physical, 48 bits virtual
power management:

processor	: 2
vendor_id	: GenuineIntel
cpu family	: 6
model		: 60
model name	: Intel(R) Core(TM) i7-4600M CPU @ 2.90GHz
stepping	: 3
microcode	: 0x17
cpu MHz		: 800.000
cache size	: 4096 KB
physical id	: 0
siblings	: 4
core id		: 0
cpu cores	: 2
apicid		: 1
initial apicid	: 1
fpu		: yes
fpu_exception	: yes
cpuid level	: 13
wp		: yes
flags		: fpu vme de pse tsc msr pae mce cx8 apic sep mtrr pge mca cmov pat pse36 clflush dts acpi mmx fxsr sse sse2 ss ht tm pbe syscall nx pdpe1gb rdtscp lm constant_tsc arch_perfmon pebs bts rep_good nopl xtopology nonstop_tsc aperfmperf eagerfpu pni pclmulqdq dtes64 monitor ds_cpl vmx smx est tm2 ssse3 fma cx16 xtpr pdcm pcid sse4_1 sse4_2 x2apic movbe popcnt tsc_deadline_timer aes xsave avx f16c rdrand lahf_lm abm ida arat epb xsaveopt pln pts dtherm tpr_shadow vnmi flexpriority ept vpid fsgsbase tsc_adjust bmi1 hle avx2 smep bmi2 erms invpcid rtm
bogomips	: 5786.74
clflush size	: 64
cache_alignment	: 64
address sizes	: 39 bits physical, 48 bits virtual
power management:

processor	: 3
vendor_id	: GenuineIntel
cpu family	: 6
model		: 60
model name	: Intel(R) Core(TM) i7-4600M CPU @ 2.90GHz
stepping	: 3
microcode	: 0x17
cpu MHz		: 800.000
cache size	: 4096 KB
physical id	: 0
siblings	: 4
core id		: 1
cpu cores	: 2
apicid		: 3
initial apicid	: 3
fpu		: yes
fpu_exception	: yes
cpuid level	: 13
wp		: yes
flags		: fpu vme de pse tsc msr pae mce cx8 apic sep mtrr pge mca cmov pat pse36 clflush dts acpi mmx fxsr sse sse2 ss ht tm pbe syscall nx pdpe1gb rdtscp lm constant_tsc arch_perfmon pebs bts rep_good nopl xtopology nonstop_tsc aperfmperf eagerfpu pni pclmulqdq dtes64 monitor ds_cpl vmx smx est tm2 ssse3 fma cx16 xtpr pdcm pcid sse4_1 sse4_2 x2apic movbe popcnt tsc_deadline_timer aes xsave avx f16c rdrand lahf_lm abm ida arat epb xsaveopt pln pts dtherm tpr_shadow vnmi flexpriority ept vpid fsgsbase tsc_adjust bmi1 hle avx2 smep bmi2 erms invpcid rtm
bogomips	: 5786.74
clflush size	: 64
cache_alignment	: 64
address sizes	: 39 bits physical, 48 bits virtual
power management:



Memory: 4k page, physical 8080432k(4015660k free), swap 498684k(498684k free)

vm_info: Java HotSpot(TM) 64-Bit Server VM (24.51-b03) for linux-amd64 JRE (1.7.0_51-b13), built on Dec 18 2013 18:48:01 by "java_re" with gcc 4.3.0 20080428 (Red Hat 4.3.0-8)

time: Thu Apr 16 22:52:12 2015
elapsed time: 0 seconds

